{
  "RSpec": {
    "coverage": {
      "/Users/jayway/makers/projects/react_projects/AJAX-AceBook-React/spec/controllers/posts_controller_spec.rb": [
        1,
        null,
        1,
        null,
        8,
        1,
        7,
        null,
        null,
        1,
        1,
        1,
        1,
        null,
        null,
        null,
        1,
        1,
        1,
        1,
        null,
        null,
        1,
        1,
        1,
        null,
        null,
        null,
        1,
        1,
        1,
        1,
        null,
        null,
        null,
        1,
        1,
        1,
        1,
        1,
        null,
        null,
        null,
        null,
        1,
        1,
        1,
        1,
        1,
        null,
        null,
        1,
        2,
        null,
        1,
        1,
        1,
        1,
        null,
        null,
        null,
        null,
        null
      ],
      "/Users/jayway/makers/projects/react_projects/AJAX-AceBook-React/spec/rails_helper.rb": [
        null,
        1,
        1,
        null,
        1,
        1,
        1,
        null,
        null,
        null,
        null,
        null,
        null,
        null,
        null,
        null,
        null,
        null,
        null,
        null,
        null,
        null,
        null,
        null,
        null,
        null,
        1,
        null,
        1,
        null,
        1,
        1,
        null,
        null,
        null,
        null,
        1,
        null,
        null,
        null,
        null,
        null,
        null,
        null,
        null,
        null,
        null,
        null,
        null,
        null,
        null,
        1,
        null,
        null,
        1,
        null,
        null,
        null
      ],
      "/Users/jayway/makers/projects/react_projects/AJAX-AceBook-React/config/environment.rb": [
        null,
        1,
        null,
        null,
        1
      ],
      "/Users/jayway/makers/projects/react_projects/AJAX-AceBook-React/config/application.rb": [
        1,
        null,
        1,
        null,
        null,
        null,
        1,
        null,
        1,
        1,
        null,
        1,
        null,
        null,
        null,
        null,
        null,
        null
      ],
      "/Users/jayway/makers/projects/react_projects/AJAX-AceBook-React/config/boot.rb": [
        1,
        null,
        1
      ],
      "/Users/jayway/makers/projects/react_projects/AJAX-AceBook-React/config/environments/test.rb": [
        1,
        null,
        null,
        null,
        null,
        null,
        null,
        1,
        null,
        null,
        null,
        null,
        1,
        null,
        null,
        1,
        1,
        null,
        null,
        null,
        null,
        1,
        1,
        null,
        null,
        1,
        null,
        null,
        1,
        1,
        null,
        null,
        null,
        null,
        1,
        null,
        null,
        1,
        null,
        null,
        null,
        null
      ],
      "/Users/jayway/makers/projects/react_projects/AJAX-AceBook-React/config/initializers/application_controller_renderer.rb": [
        null,
        null,
        null,
        null,
        null,
        null
      ],
      "/Users/jayway/makers/projects/react_projects/AJAX-AceBook-React/config/initializers/assets.rb": [
        null,
        null,
        null,
        1,
        null,
        null,
        null,
        null,
        1,
        null,
        null,
        null,
        null,
        null
      ],
      "/Users/jayway/makers/projects/react_projects/AJAX-AceBook-React/config/initializers/backtrace_silencers.rb": [
        null,
        null,
        null,
        null,
        null,
        null,
        null
      ],
      "/Users/jayway/makers/projects/react_projects/AJAX-AceBook-React/config/initializers/cookies_serializer.rb": [
        null,
        null,
        null,
        null,
        1
      ],
      "/Users/jayway/makers/projects/react_projects/AJAX-AceBook-React/config/initializers/devise.rb": [
        null,
        null,
        null,
        null,
        1,
        null,
        null,
        null,
        null,
        null,
        null,
        null,
        null,
        null,
        null,
        null,
        null,
        null,
        null,
        null,
        1,
        null,
        null,
        null,
        null,
        null,
        null,
        null,
        null,
        null,
        null,
        null,
        1,
        null,
        null,
        null,
        null,
        null,
        null,
        null,
        null,
        null,
        null,
        null,
        null,
        null,
        null,
        null,
        null,
        null,
        null,
        null,
        null,
        null,
        1,
        null,
        null,
        null,
        null,
        1,
        null,
        null,
        null,
        null,
        null,
        null,
        null,
        null,
        null,
        null,
        null,
        null,
        null,
        null,
        null,
        null,
        null,
        null,
        null,
        null,
        null,
        null,
        null,
        null,
        null,
        null,
        null,
        null,
        null,
        null,
        1,
        null,
        null,
        null,
        null,
        null,
        null,
        null,
        null,
        null,
        null,
        null,
        null,
        null,
        null,
        null,
        null,
        null,
        null,
        null,
        null,
        null,
        null,
        1,
        null,
        null,
        null,
        null,
        null,
        null,
        null,
        null,
        null,
        null,
        null,
        null,
        null,
        null,
        null,
        null,
        null,
        null,
        null,
        null,
        null,
        null,
        null,
        null,
        null,
        null,
        null,
        null,
        null,
        null,
        1,
        null,
        null,
        null,
        null,
        null,
        null,
        null,
        null,
        null,
        1,
        null,
        null,
        null,
        null,
        null,
        null,
        null,
        null,
        null,
        null,
        1,
        null,
        null,
        null,
        null,
        1,
        null,
        null,
        null,
        null,
        null,
        null,
        null,
        null,
        null,
        null,
        null,
        null,
        null,
        null,
        null,
        null,
        null,
        null,
        null,
        null,
        null,
        null,
        null,
        null,
        null,
        null,
        null,
        null,
        null,
        null,
        null,
        null,
        null,
        null,
        null,
        null,
        null,
        null,
        null,
        null,
        1,
        null,
        null,
        null,
        null,
        null,
        null,
        null,
        null,
        null,
        null,
        null,
        null,
        null,
        null,
        null,
        null,
        null,
        null,
        null,
        null,
        null,
        null,
        null,
        null,
        null,
        null,
        null,
        null,
        null,
        null,
        null,
        null,
        null,
        null,
        null,
        null,
        null,
        null,
        null,
        null,
        null,
        1,
        null,
        null,
        null,
        null,
        null,
        null,
        null,
        null,
        null,
        null,
        null,
        null,
        null,
        null,
        null,
        null,
        null,
        null,
        null,
        null,
        null,
        null,
        null,
        null,
        null,
        null,
        null,
        null,
        null,
        null,
        null,
        null,
        null,
        null,
        null,
        null
      ],
      "/Users/jayway/makers/projects/react_projects/AJAX-AceBook-React/config/initializers/filter_parameter_logging.rb": [
        null,
        null,
        null,
        1
      ],
      "/Users/jayway/makers/projects/react_projects/AJAX-AceBook-React/config/initializers/inflections.rb": [
        null,
        null,
        null,
        null,
        null,
        null,
        null,
        null,
        null,
        null,
        null,
        null,
        null,
        null,
        null,
        null
      ],
      "/Users/jayway/makers/projects/react_projects/AJAX-AceBook-React/config/initializers/mime_types.rb": [
        null,
        null,
        null,
        null
      ],
      "/Users/jayway/makers/projects/react_projects/AJAX-AceBook-React/config/initializers/wrap_parameters.rb": [
        null,
        null,
        null,
        null,
        null,
        null,
        1,
        2,
        null,
        null,
        null,
        null,
        null,
        null
      ],
      "/Users/jayway/makers/projects/react_projects/AJAX-AceBook-React/config/routes.rb": [
        1,
        1,
        0,
        null,
        null,
        null,
        null,
        1,
        1,
        1,
        null,
        null,
        null,
        null,
        null,
        null,
        null,
        null,
        null,
        null,
        null,
        null,
        null,
        null,
        null,
        null,
        null,
        null,
        null,
        null,
        null,
        null,
        null,
        null,
        null,
        null,
        null,
        null
      ],
      "/Users/jayway/makers/projects/react_projects/AJAX-AceBook-React/app/models/user.rb": [
        1,
        1,
        null,
        null,
        1,
        null,
        null
      ],
      "/Users/jayway/makers/projects/react_projects/AJAX-AceBook-React/app/models/application_record.rb": [
        1,
        1,
        null
      ],
      "/Users/jayway/makers/projects/react_projects/AJAX-AceBook-React/app/helpers/application_helper.rb": [
        1,
        null
      ],
      "/Users/jayway/makers/projects/react_projects/AJAX-AceBook-React/app/controllers/posts_controller.rb": [
        1,
        null,
        1,
        null,
        1,
        null,
        null,
        null,
        1,
        12,
        null,
        null,
        1,
        6,
        null,
        null,
        1,
        7,
        7,
        7,
        null,
        null,
        1,
        null,
        null,
        1,
        null,
        null,
        1,
        3,
        2,
        1,
        null,
        1,
        null,
        null,
        1,
        1,
        null,
        null,
        null,
        1,
        2,
        2,
        2,
        null,
        0,
        0,
        null,
        null,
        null,
        1,
        null,
        1,
        7,
        null,
        null,
        1,
        10,
        null,
        null,
        null
      ],
      "/Users/jayway/makers/projects/react_projects/AJAX-AceBook-React/app/controllers/application_controller.rb": [
        1,
        1,
        null,
        1,
        null,
        null,
        1,
        5,
        null,
        null,
        null
      ],
      "/Users/jayway/makers/projects/react_projects/AJAX-AceBook-React/spec/features/user_authentication_spec.rb": [
        1,
        1,
        null,
        1,
        1,
        1,
        1,
        1,
        1,
        null,
        null,
        1,
        1,
        1,
        1,
        1,
        1,
        1,
        1,
        1,
        1,
        null,
        null,
        1,
        1,
        1,
        1,
        1,
        1,
        null,
        null,
        1,
        1,
        1,
        1,
        1,
        1,
        1,
        1,
        1,
        1,
        null,
        null,
        1,
        1,
        1,
        1,
        1,
        1,
        1,
        1,
        1,
        null,
        null,
        1,
        1,
        1,
        1,
        1,
        null,
        null,
        null
      ],
      "/Users/jayway/makers/projects/react_projects/AJAX-AceBook-React/spec/web_helpers.rb": [
        1,
        7,
        7,
        7,
        7,
        7,
        null,
        null,
        null,
        null,
        null,
        null,
        null,
        null,
        null,
        1,
        4,
        4,
        4,
        4,
        null
      ],
      "/Users/jayway/makers/projects/react_projects/AJAX-AceBook-React/spec/features/user_can_edit_and_delete_posts_spec.rb": [
        1,
        1,
        null,
        1,
        null,
        1,
        2,
        null,
        null,
        1,
        1,
        1,
        1,
        1,
        null,
        null,
        1,
        1,
        1,
        1,
        1,
        1,
        1,
        null,
        null,
        null
      ],
      "/Users/jayway/makers/projects/react_projects/AJAX-AceBook-React/spec/features/user_can_submit_posts_spec.rb": [
        1,
        1,
        null,
        1,
        null,
        1,
        2,
        null,
        null,
        1,
        1,
        1,
        null,
        null,
        1,
        1,
        1,
        1,
        1,
        1,
        null,
        null,
        null
      ],
      "/Users/jayway/makers/projects/react_projects/AJAX-AceBook-React/spec/features/user_cannot_edit_after_10_minutes_spec.rb": [
        1,
        1,
        null,
        1,
        null,
        1,
        1,
        null,
        null,
        1,
        1,
        1,
        1,
        1,
        1,
        1,
        1,
        null,
        null,
        null
      ],
      "/Users/jayway/makers/projects/react_projects/AJAX-AceBook-React/spec/features/user_edit_account_details_spec.rb": [
        1,
        1,
        null,
        1,
        1,
        1,
        1,
        1,
        1,
        1,
        null,
        null,
        1,
        1,
        1,
        1,
        1,
        1,
        1,
        1,
        1,
        1,
        null,
        null,
        null
      ],
      "/Users/jayway/makers/projects/react_projects/AJAX-AceBook-React/spec/models/post_spec.rb": [
        1,
        1,
        null,
        1,
        null,
        2,
        2,
        null,
        1,
        1,
        1,
        null,
        null,
        1,
        1,
        null,
        null,
        null
      ],
      "/Users/jayway/makers/projects/react_projects/AJAX-AceBook-React/app/models/post.rb": [
        1,
        1,
        null,
        1,
        6,
        null,
        null,
        null
      ],
      "/Users/jayway/makers/projects/react_projects/AJAX-AceBook-React/spec/models/user_spec.rb": [
        1,
        null,
        1,
        1,
        null
      ]
    },
    "timestamp": 1549366315
  }
}
